-1.8272391108443335
-0.23120440103074796
-0.19414723027430433
-0.08584500929658952
-0.2340634207368481
-0.20080035499455554
-0.07649770171044724
-0.2067857533337875
-0.2050885690550764
-0.08438265006021407
-0.21614932160563344
-0.20957394736287696
-0.23152400075917123
-0.21921483604599903
-0.22451384681634085
-0.13610411509402456
-0.2136858097750558
-0.22398670049106276
0.015447505507821244
-0.21704894092940502
-0.2336937427169281
0.029730338552671896
-0.21654556815711615
-0.23494303150469192
0.11219023954843863
-0.24238694854302642
-0.24405736607906248
0.07392836650981272
-0.23447784428854623
-0.27132510238789503
0.032601837366311816
-0.23411537669681567
-0.2795630248573662
0.06820487271824205
-0.24117112631008214
-0.28868679127553065
0.024602411620072845
-0.241567248362082
-0.28908686562801456
-0.059707404034158515
-0.28563564074389153
-0.30981656060422413
-0.07726056001303293
-0.2731217893656784
-0.3034230996041425
-0.15439991465334746
-0.3136787293065464
-0.29805884199725935
-0.17137434615139957
-0.2633839906593519
-0.28506073304672463
-0.13239816474565363
-0.23578791684483769
-0.27823482908101277
-0.11037790972896092
-0.21945312283635582
-0.27094063738832913
-0.11231722428364649
-0.20976487337423375
-0.2638454253665985
-0.10422661793228467
-0.1989372103268677
-0.23739644755104078
-0.12316316209101394
-0.17569480446523916
-0.21334310444917914
-0.1364932626968474
-0.1303931795746178
-0.1370578192521075
0.07881489561544071
-0.13966213514502357
-0.14278478501892353
0.08671968915492866
-0.13486580092060946
-0.15151984041194647
0.15606088541036076
-0.14050211702552248
-0.15433071855740146
0.10670009060918534
-0.1534080184156779
-0.16751278583839238
0.1518336899523889
-0.16441128695777346
-0.16852183169296406
0.11552160559331902
-0.16785601195149133
-0.17157932909132856
0.06194017768596075
-0.16513843515435553
-0.17363395293335046
0.10826152280752899
-0.16044170780054087
-0.17841779352778175
0.08083727926191453
-0.16559560413044003
-0.19801522164830093
0.11308698940892717
-0.16539625069689676
-0.18520974737184054
0.0237150655633318
-0.1502210088113268
-0.18452612525781714
0.020200568758098877
-0.19168496314039335
-0.18678776644893685
0.08341959960741385
-0.1788095078236288
-0.19482816415161286
0.03676850729642486
-0.09782361174852533
-0.29605594610702723
-0.4410517549592118
-0.0653730797568545
-0.2791268206905744
-0.31403314653883024
-0.08175877660714212
-0.276292317101797
-0.24612769312934726
-0.09472685448180293
-0.2784387129004033
-0.24262436154643782
-0.11919354867288146
-0.26896474444427854
-0.21230177710765713
-0.1482967140333066
-0.2567894455633889
-0.2392337098557749
-0.180673727821233
-0.2423621026961871
-0.24054239541401679
-0.2937993421737178
-0.26074953538773576
-0.259085256736992
-0.3036478227232116
-0.2649119240834833
-0.2626407945471308
-0.27923375298108366
-0.2799705610831469
-0.3390663456946732
-0.29607229984237426
-0.2859605279115921
-0.5688413465435327
-0.3058843226685574
-0.3022831533206058
-0.6030742036212307
-0.3026793028968606
-0.2940357114953976
-0.595475948352999
-0.3255402502430901
-0.3099897848765281
-0.5877247421878454
-0.3101533315553219
-0.32190687931963075
-0.512826173842634
-0.337106491226748
-0.3488693816822064
-0.5463814687750452
-0.3620104009735342
-0.34326744818464
-0.5848913964522182
-0.37718690114594394
-0.36593197601944644
-0.6622222999425614
-0.36406799326332495
-0.37030898311238547
-0.2662314921108273
-0.3373282294675451
-0.3623089553839201
-0.3058514319651886
-0.3148751638136706
-0.33429959896776396
-0.32249991721818255
-0.2987864564766097
-0.3281375178494629
-0.38834156762383076
-0.2702722012131621
-0.3159345224292793
-0.3591750425692547
-0.2502076725088876
-0.31502762980296367
-0.2498071759552569
-0.21278820550626562
-0.2952422336316156
-0.24592287071474123
-0.23394532054806874
-0.28822366040996095
-0.20995913646326436
-0.2275504994606292
-0.28650352042794364
-0.20667101476073274
-0.2408395802050532
-0.2998591611888588
-0.21452527156829046
-0.4446608313588694
-0.48111916202388577
-0.3456347843105177
-0.4215382869087047
-0.47190964765417004
-0.33985574442021127
-0.38923361823456043
-0.46407769921347636
-0.350468892376429
-0.38329259039532615
-0.459828022128254
-0.33636100670870983
-0.3727067640458616
-0.4564152000525743
-0.32763776034032294
-0.36479184388270475
-0.4516311754931136
-0.20129688556230427
-0.3615718244945936
-0.4387959732060852
-0.19991858915446448
-0.3637882419602383
-0.4291546441076931
-0.12343227523772704
-0.36763707465257206
-0.42200009642536457
-0.1230660045228469
-0.36589558145908946
-0.41882187760522344
-0.1316298089527872
-0.3572987110389004
-0.4113296536696285
-0.0648468613725283
-0.3588339851022867
-0.4109620531457259
-0.1540840975337528
-0.3489643642424774
-0.40170134122441425
-0.07819706142905439
-0.34435070593773665
-0.3930694011914431
-0.07272189813361103
-0.33939185578799713
-0.38968136712060897
-0.06870151113864041
-0.33064839986177275
-0.38968136712060897
-0.08429670199414518
-0.32860889062348436
-0.3700771226912762
-0.08401729694602313
-0.3198659407422089
-0.3581275044142637
-0.0895498840774721
-0.3182301668626452
-0.35590333285273795
-0.07233134610325047
-0.3007780942437946
-0.35590333285273795
-0.11049849944454306
-0.29853026374467617
-0.35590333285273795
-0.04105882391249071
-0.28917298363295946
-0.34164263439444675
-0.1063835690833413
-0.27664235602154275
-0.3325544168996563
-0.10350332968858024
-0.2774180405003084
-0.3248199340465402
-0.09863969776315341
-0.2638155412747678
-0.32014454978960555
-0.03247306743588973
-0.2600387256707526
-0.3105132175078535
-0.08093936803774973
-0.25989639448812707
-0.30932166531823674
-0.03889218027002244
-0.2553077629201529
-0.2982750555643392
-0.041207784363696105
-0.24784901573105092
-0.29143497980918975
-0.031109932118708848
-0.238245801088578
-0.2846606015540202
0.0034130526701992986
-0.23262662593027378
-0.27764117795172194
-0.0042957963110751285
-0.23316391565005476
-0.26647237450097355
0.07485424855886207
-0.22605071735621804
-0.25302370013395914
0.10961213558946475
-0.21543310083763223
-0.24340981795017685
0.08997989784742463
-0.2031130754042219
-0.22788102464154814
0.125221021411871
-0.1912645467869657
-0.21671691404110133
0.09895087814948494
-0.4095629827568062
-0.49618967326003705
-0.5281574957290459
-0.40931668173015984
-0.49883094580337256
-0.5596514286842893
-0.42020807975769364
-0.5161133193540387
-0.5351029556213426
-0.4267187073236327
-0.5096057528108877
-0.5327714860539458
-0.44106348240742743
-0.5021729375405494
-0.5421347737590981
-0.4399165986265927
-0.49813663620176896
-0.5692916784728626
-0.4516364252764004
-0.4966499852418481
-0.5563463518530669
-0.49069546120282287
-0.4978537598599585
-0.516732892480818
-0.4935332319056644
-0.5018790412531023
-0.5196976486620305
-0.4829995077430384
-0.4990350189168419
-0.5453612413587868
-0.48609291262832116
-0.5053960296245525
-0.5527727917127717
-0.4595439919689847
-0.5064961771873916
-0.5720506596965087
-0.4454164520089341
-0.49958697706080124
-0.5649993418119587
-0.45264882541795204
-0.49792050093273577
-0.5707045630289043
-0.4244865503728089
-0.4987634760062951
-0.5100576156830836
-0.431484634223986
-0.5075458294888383
-0.5209160255629632
-0.4506550196432507
-0.4987760210155225
-0.4948586407955611
-0.47082295570436283
-0.4984046853877234
-0.504140169595898
-0.47890080781993966
-0.50584047118727
-0.4570612256246926
-0.48147191604163425
-0.4946577326193524
-0.4321837337492428
-0.4661073735879931
-0.48246838409481163
-0.42170286506368215
-0.462557626939128
-0.4795829711145187
-0.465073763561654
-0.45817669127445565
-0.4795829711145187
-0.4215291166721458
-0.4549273100964768
-0.4872857447349664
-0.3817785143700618
-0.42636796993285814
-0.4597986222952016
-0.37633635745370186
-0.46569145711058624
-0.460471503911362
-0.3916719327622601
-0.43365931929790735
-0.4507878040925557
-0.42946917344289404
-0.4548722617601764
-0.4895274857914796
-0.4062766984345626
-0.41206975143708613
-0.387459572471044
-0.03479388784569708
-0.42187205114888116
-0.39466503774836104
-0.050879730698475976
-0.4205992043960584
-0.40387820597901236
-0.05757126652669927
-0.4293455881167782
-0.41287247251467757
-0.04310532735103485
-0.42658453645811395
-0.42001629744838576
-0.045351470895662674
-0.4252246285390076
-0.4324460574656438
-0.05335291032970307
-0.40673493114829407
-0.4325408916516554
-0.04844095014476197
-0.4110953045233571
-0.44756671726702907
-0.0879309212370796
-0.42133061476023614
-0.45158647544079844
-0.2425640015490201
-0.42418167766923864
-0.45741463066575394
-0.35872927409990546
-0.4185549586920831
-0.46888308645935173
-0.32886780968957596
-0.42163160819732304
-0.47452731450671515
-0.3864275742166229
-0.42253567766363953
-0.48915945051666376
-0.46698648863642195
-0.4293040661840709
-0.48915945051666376
-0.46935340203656634
-0.42520556272515353
-0.49796593683831325
-0.45964995173242174
-0.425353339138226
-0.5015042922850131
-0.5207178748076605
-0.43053376780265973
-0.500967496553722
-0.5367831115734648
-0.43781563040514104
-0.5086925483482344
-0.5744465279987091
-0.4362270127646486
-0.5205173246870303
-0.613017633711932
-0.44871105596792904
-0.519063754700708
-0.6430723190532561
-0.4536248882773417
-0.5287463784738378
-0.7244952411738516
-0.4380255845415738
-0.5363798097357305
-0.700705374493416
-0.4471330468219785
-0.5369536533179271
-0.7083774127371265
-0.4583011848087868
-0.5469198925633064
-0.712290167268796
-0.464390088400658
-0.5519428237713798
-0.7476977964023763
-0.4612279842286959
-0.5604611200721927
-0.7634921889248883
-0.45829318385755347
-0.5621575808491516
-0.7798285732725789
-0.45006063319408884
-0.5875069788903244
-0.8271997511775667
-0.45121312873819164
-0.5842201632379337
-0.8361515570606239
-0.462714750811414
-0.6020235236824396
-0.8537867613572018
-0.4465689501339858
-0.6023567354336653
-0.8721475327508051
-0.46168158795453773
-0.6066265166795263
-0.9330803206418792
-0.4598490745630652
-0.6061200945337674
-0.7686182079882513
-0.4486977749144052
-0.6030701971259713
-0.6000496399899181
-0.4407919773861065
-0.6106562671394961
-0.6208876762058133
-0.4303455901435201
-0.6080097644848529
-0.6374513733872059
-0.4170599826266802
-0.611143751706817
-0.622526550138639
-0.45520489074721887
-0.6121003121572929
-0.5671622354607909
-0.428649140107402
-0.6181491519175227
-0.5563885769376131
-0.4153230935580489
-0.6235298112901534
-0.5103912430191273
-0.3958900966215614
-0.590955268196091
-0.5053186677280344
-0.393009930000549
-0.5783200937109845
-0.5714928911663804
-0.36163022349515
-0.5791561955881135
-0.5228972183586224
-0.35569785843341517
-0.577376443012289
-0.5526388525977244
-0.4055448175133025
-0.5534975453108751
-0.5286064862409701
-0.3878889864845616
-0.5414788481490259
-0.4893471034744328
-0.3594667233780757
-0.5398241063710166
-0.5068677763197151
-0.3456753182728519
-0.5305419361278392
-0.422933745573024
-0.3299887410930842
-0.5299706138488426
-0.43606292273044367
-0.33731543274026016
-0.5259528522566989
-0.3924954506041158
-0.3241884678504586
-0.5133412625025325
-0.39200673786319634
-0.31279567047219525
-0.5124306097237094
-0.36749673961486695
-0.30960899651202034
-0.5030630719479049
-0.36270445526096057
-0.29817244023091816
-0.5000108435938478
-0.3822638624066499
-0.29131862471550163
-0.49825761032201216
-0.3364409958394721
-0.28524475998227056
-0.48593440826239487
-0.33627263327787094
-0.28735444055113096
-0.48013972863006366
-0.3154465358819321
-0.28739961010801357
-0.4746699853855283
-0.30050328894596456
-0.29040044198531023
-0.4653640092726991
-0.28095184383460226
-0.2758126648528947
-0.4457009125878519
-0.30012474886722074
-0.2771910658082449
-0.42916172422724624
-0.28810608642808777
-0.28067576580809644
-0.4146528140094425
-0.2735126601713083
-0.26287164226627197
-0.39920417382277834
-0.3055386199369499
-0.25664413155575905
-0.39251848481387813
-0.2996618048108314
-0.11347817916772046
-0.12829952994526767
0.03010969361350599
-0.27096269745516804
-0.25428788254566104
-0.31580395643905196
-0.405738251182846
-0.3721028501094012
-0.08178357352608434
-0.41196576189335876
-0.37878853911830135
-0.08766038865220296
-0.09959305341780854
-0.1185068853016972
0.08210433817852304
-0.1370614203802089
-0.31476141205478575
-0.535422451418274
-0.29161988459328664
-0.24134719063838003
-0.3300579686170894
-0.21403268155512323
-0.18966832460262062
-0.19175142686627217
-0.4002063448654416
-0.4858595923864924
-0.6147168882469273
-0.39279722859622324
-0.3256061113443276
-0.08719744459581366
-0.3914188276408731
-0.3421452997049333
-0.0992161070349468
-0.38793412764102153
-0.35665420992273705
-0.11380953329172633
-0.2061088198372783
-0.1642842836646119
-0.2227981586821612
-0.3782094514638077
-0.3059430146594803
-0.10637034962843224
-0.0851275419643994
-0.09091700916854624
-0.006271881512258501
-0.17324908136568126
-0.3716681467590238
-0.5865614457736805
-0.4017817224435692
-0.48373276058106945
-0.6672279598963027
-0.37532460443594284
-0.29549614022905785
-0.08681890451706983
-0.31540025561646706
-0.2270243130960251
-0.32607974407357426
-0.21746695885321207
-0.1589242192997452
-0.17358154753132388
-0.36908595575754183
-0.27204899146812894
-0.04291831141749142
-0.37478577477990743
-0.2849834153018701
-0.06812240500323422
-0.0768468231727933
-0.07475641020185526
0.053395283432129056
-0.24727823125020643
-0.3812786850802597
-0.6151234046066976
-0.3093715682580016
-0.2056464164481367
-0.2753845324937301
-0.42033044252949914
-0.4856922518352269
-0.6427050295645954
-0.3515832659204118
-0.24577555687598418
0.009651191753784143
-0.3554693003143028
-0.25972578940851165
-0.037471792371829335
-0.2648383745226348
-0.3848004950179067
-0.7670013298595236
-0.4129447267493661
-0.48217347165420027
-0.6840645893423548
-0.06403242872867973
-0.06347172733207809
0.056757738273879754
-0.2794693586159419
-0.3875777540207077
-0.9508888668920674
-0.3125842739518151
-0.2043781175011985
-0.26207201646553024
-0.19663284631282663
-0.13827350330410038
-0.10356330991610455
-0.4177961897340312
-0.4884041014177748
-0.6753126975385366
-0.331022889064265
-0.22564114643068614
0.041131581129553944
-0.33655113262941616
-0.23165781021341966
0.016104258774222793
-0.34205397882333155
-0.2419610666247894
0.002232438620782172
-0.28282219400516373
-0.36348722464830324
-0.8628141696995013
-0.2857767697995713
-0.37180220897646915
-0.874593432723064
-0.18925765070167758
-0.13587263707856437
-0.09248741741518611
-0.42002353671127246
-0.4768477073965064
-0.5678689298688206
-0.42390856126140297
-0.48172826763555665
-0.6015008598287929
-0.3158324738229467
-0.2089686938220425
0.044657178140700325
-0.05476114955802486
-0.05134066775763676
0.09245131806762681
-0.28161389497072464
-0.3473683344008563
-0.8251480087445484
-0.29493255078115727
-0.17699488104943326
-0.21182534426095995
-0.41660589636294154
-0.4700733291413368
-0.517776427929881
-0.3083123174927863
-0.1899151720487483
0.09261148599023813
-0.3185393812605957
-0.19731113702572947
0.09281117953540485
-0.26973510243573384
-0.34017071665527016
-0.8518391106717812
-0.40963288951733146
-0.47303196836784034
-0.5079853861790913
-0.28112949117180064
-0.32019659594931343
-0.6020379945170113
-0.2717975443094758
-0.33045315099992073
-0.7733546187645632
-0.17365884975266885
-0.10952353235597821
0.0002682568718043619
-0.40857116777836533
-0.46079380642432605
-0.41529315511648834
-0.40871349896099085
-0.46198535861394274
-0.5103009902727648
-0.29489752976241856
-0.17735800123190182
0.1821679138313761
-0.041043252376628585
-0.041324289749167055
0.15748622209313642
-0.28646481383962674
-0.3000666350288518
-0.500104475744778
-0.2527772460790025
-0.14701421265813114
-0.03047298979406102
-0.4047943521743501
-0.451162474142574
-0.45632871481254145
-0.2574479147762037
-0.15322360784227965
0.23456949650506329
-0.27120007440701505
-0.1686551270798087
0.18555257542359277
-0.29020602482144076
-0.26682038672690483
-0.23918878669215152
-0.2855624933939841
-0.28966127244672013
-0.24155218827002903
-0.3919675374275751
-0.4387526070325233
-0.38662148832446563
-0.3911918529488095
-0.44648708988563934
-0.39016208448527834
-0.2918257742230647
-0.22363841440323612
-0.2923569929783886
-0.29848758272563847
-0.25048900917303374
-0.23274276453304302
-0.37007962970444175
-0.41540369107944153
-0.4572999173154621
-0.3794369098161584
-0.4296643895377327
-0.3959113066470273
-0.032569574673391964
-0.029197762348380358
0.17504653885324042
-0.29019706247154364
-0.2045791310605117
-0.18581315134741858
-0.14986820598981332
-0.0874183350679252
0.03398256536040925
-0.3678317992053234
-0.41540369107944153
-0.3820898223610988
-0.22420349407112558
-0.11528377169705305
0.24238674361058496
-0.24234777302989363
-0.1299034627227599
0.2760314204329228
-0.27251870390073646
-0.16818608288134157
-0.11761925584174561
-0.2786224771415096
-0.18496937920665646
-0.17159807008407377
-0.34874395270690894
-0.41317951951791576
-0.37473808572765166
-0.35037972658647265
-0.41540369107944153
-0.39572184163989976
-0.23015682203038637
-0.12733083733064168
-0.027339424617418007
-0.263778231702571
-0.14597046926809268
-0.07386346203180696
-0.3379614935873452
-0.3816256568115705
-0.358431269416764
-0.34000100282563356
-0.4012299012409033
-0.37752822001659686
-0.1916339193977336
-0.08608600934867269
0.010364468604820624
-0.3292180376611207
-0.3816256568115705
-0.37559641847691816
-0.17549273426459785
-0.3220568860788022
-0.5628191461044808
-0.1296874528141568
-0.31371325068592903
-0.43313068300609425
-0.08850843412947229
-0.27573309598397094
-0.3684973037052757
-0.3196455292066404
-0.36960568270776517
-0.36121529283918596
-0.32425918751138116
-0.37823762274073636
-0.37399868608677783
-0.21245357343717083
-0.3227937105762992
-0.9403524054690471
-0.20752664860432274
-0.31438340585044056
-0.6246520516099907
-0.3113111824102176
-0.35997737026255106
-0.3595964159961953
-0.3097759083468313
-0.3603449707864536
-0.26676177440205484
-0.21558278890554314
-0.3161818765024294
-0.859801588543879
-0.3027143119900285
-0.352485146326956
-0.285958482630765
-0.22148001638445797
-0.3014367782310384
-0.812895614041855
-0.22200313985763165
-0.3078854576923173
-0.8298311271041448
-0.3048216514888796
-0.34215237982448643
-0.26388991822530794
-0.3009728187965458
-0.34930692750681486
-0.28114777074685193
-0.21917807183524357
-0.2868235819701018
-0.6427479722646043
-0.07421025717801441
-0.24342000615176657
-0.31797275732303304
-0.3070380689545243
-0.3325110507260943
-0.18740360430857023
-0.20332084161764066
-0.2646456037003228
-0.3308823735423975
-0.21166752936317032
-0.27751759179395
-0.5361653803154832
-0.2959031294032562
-0.3148918238796053
-0.05968443312271223
-0.30381804956641306
-0.31967584843906593
-0.18602530790073046
-0.20803235606360537
-0.2478406833028769
-0.12720527334073423
-0.28531730305379166
-0.3114790018039256
-0.050961186754325254
-0.19994917781450666
-0.22745232259657894
0.035941699915451354
-0.06660475043373194
-0.24490988080211779
-0.30366475798479003
-0.27937627521455743
-0.30722932471870323
-0.036853301086606075
-0.19528216737993023
-0.2120721175201221
0.03339237435941166
-0.24707160654041346
-0.2993973762780096
-0.047466449042823725
-0.18086535040633847
-0.19331234219673973
0.05105112145089196
-0.07700775362735748
-0.23419578064269642
-0.25711882988590584
-0.2239490620902489
-0.2901878619082938
-0.04168740915251723
-0.17390144608589858
-0.16698588532011646
0.09237083450122552
-0.21373763168894178
-0.27856659273672807
-0.0007984456320897435
-0.17210063162652953
-0.1375058174955076
0.11415558033087816
-0.18301759808590623
-0.2704252663142849
0.004069075147685494
-0.07186550187914618
-0.227316972933683
-0.22412377155582563
-0.07763473673378007
-0.21082456001892982
-0.19627667101368038
0.0006335366311029491
-0.14761679432709485
-0.1515715447655854
-0.15098546027322735
-0.26074156649547864
-0.04904094415200517
-0.010916966459376292
-0.1329194488187773
-0.11008650518319295
-0.07825385548137712
-0.1917652766762054
-0.16494292433707425
0.01491568152417449
-0.1567695889468996
-0.17173731804718262
-0.039836185603043146
-0.11158070741661166
-0.09316928013331534
-0.1305054509863309
-0.2569036991927869
-0.08693210126535886
-0.04308371168391031
-0.09687551971155424
-0.09273853060340914
-0.08094932709051988
-0.17917538036469893
-0.1631685421139844
-0.1968961190291059
-0.23710422447222268
-0.2576476357438279
-0.2565401420120317
-0.3838474514611355
-0.3525283056173371
-0.2467378423002366
-0.3766419861838185
-0.3364424627645583
-0.10176151260613442
-0.17193222030561828
-0.14743270163231414
-0.24801068905305942
-0.3674288179531672
-0.32975092693633473
-0.0517894391604833
-0.08732525875788759
-0.0808588234022353
-0.1898854091824536
-0.236967117169619
-0.25705685411490153
-0.23926430533233953
-0.358434551417502
-0.3442168661119991
-0.24202535699100378
-0.35129072648379384
-0.3419707225673713
-0.079427097400051
-0.07977700212212437
-0.07279500100205735
-0.10562935955482541
-0.15682581743891902
-0.1486098962152492
-0.24338526491011028
-0.3388609664665358
-0.33396928313333096
-0.2618749623008237
-0.3387661322805242
-0.338881243318272
-0.20376575476195516
-0.21906445783369494
-0.2472189513868489
-0.25751458892576057
-0.3237403066651506
-0.3403153279486886
-0.07728494699018659
-0.06363831850104879
-0.06566674021384016
-0.11832953833472326
-0.15109583911372204
-0.13929365696131024
-0.24727927868888158
-0.3197205484913812
-0.32782760980756104
-0.24442821577987908
-0.3138923932664257
-0.3195116815427944
-0.12744167660656483
-0.1405972104750124
-0.13109653046946926
-0.19002061278594745
-0.2194355017129602
-0.24588329215465785
-0.2500549347570346
-0.30242393747282786
-0.32040623075887803
-0.24697828525179466
-0.2967797094254644
-0.31873598911640444
-0.21345643032812142
-0.2869719317495812
-0.25978977501392825
-0.18747486617185657
-0.27110929265961436
-0.26335804270976404
-0.09258228778561575
-0.050246220179282576
-0.05828315574291819
-0.13090431505204306
-0.1315322076140219
-0.13864460556883443
-0.15365966930042757
-0.20421302386678558
-0.24737643183174116
-0.24607421578547817
-0.28214757341551583
-0.31635908656946615
-0.23930582726504684
-0.28214757341551583
-0.31872348100947256
-0.237392691124492
-0.27334108709386645
-0.31872348100947256
-0.18244786490077292
-0.2589891301583998
-0.26608624231621486
-0.09215052020324294
-0.04215825664511585
-0.05449407982255594
-0.2372449147114196
-0.26804963245127106
-0.30720913769361713
-0.16714326878969255
-0.25025407476537687
-0.2538449413289544
-0.15349192799986247
-0.2319013532362333
-0.2580759308265481
-0.1450943945081766
-0.2258913758061552
-0.2527150578710613
-0.12891796399144126
-0.12903923402615414
-0.128226683797002
-0.131757326021917
-0.20172924787898763
-0.23482220435315995
-0.22709630255630187
-0.2665175096920417
-0.2958757527150878
-0.21981443995382072
-0.25879245789752936
-0.291128850272024
-0.13851124396571612
-0.20303331199863656
-0.2501330477269818
-0.22140305759431292
-0.2469676815587334
-0.29066759450739327
-0.12401217830206028
-0.11888297705406463
-0.128226683797002
-0.1161287520847054
-0.18410869836979163
-0.23193479769281192
-0.20891901439103286
-0.24842125154505562
-0.29584547850417386
-0.20400518208162
-0.23873862777192584
-0.2868296936838204
-0.13254512605552668
-0.1921426941124807
-0.23555324258417498
-0.21091857766926433
-0.22875872213439513
-0.2808282282658036
-0.09466748757920729
-0.1667547324314345
-0.21694800407716436
-0.20181111538886007
-0.22425150635902275
-0.27328154168102975
-0.12146517549543001
-0.10325861849297337
-0.11398120889426071
-0.19064297740205177
-0.21186423473162336
-0.2623999620997625
-0.14624917644692506
-0.19549659764754884
-0.18231822530402086
-0.13775590535528492
-0.18203514902761675
-0.18535938691808204
-0.1289497403541585
-0.16862470937765917
-0.18853395284625102
-0.11953660864523029
-0.15618249895045205
-0.18763945864693526
-0.10648837607244935
-0.14180887947984444
-0.18007887544063822
-0.09089647596237951
-0.1297532238713751
-0.16290216647502204
-0.2127998560645404
-0.17748562810108343
-0.0014825715322047113
-0.1641255609920752
-0.19396435404292067
0.035229005761788876
-0.18323374639530707
-0.16145051958492324
-0.010828684449197488
-0.157608787571813
-0.18131445675000823
0.02820782176152056
-0.19001846769520975
-0.09989793515424292
-0.009131799017973823
-0.1939480317228106
-0.10681412588493511
0.29045837912737227
-0.022796740706555792
-0.02193910555269701
0.11408479758065054
-0.12079730074473355
-0.06686863383440705
0.01965604673236372
-0.16358289696244643
-0.06505927365862713
0.25861823542014034
-0.1865655220214975
-0.09727526627532866
0.227485018375266
-0.14078615625589064
-0.043120168105930105
0.08513504708213598
-0.14587119678307067
-0.040864368644581935
-0.0019644095255862306
-0.1498007608106715
-0.04635753757185832
0.3013646531155077
-0.14542113251050492
-0.10013411024588718
0.08480521678182376
-0.1516189969043299
-0.11312477216838374
0.1025306006135801
-0.1265748231212693
-0.07309605674347806
0.10874526384893339
-0.10194611082271215
-0.232512891628522
-0.0914445694904195
0.026189057261275756
-0.16406004216015035
-0.23574908841472464
0.024628712298557554
-0.15941683488504385
-0.20018983333935292
-0.09504962274847423
-0.22749503450154038
-0.05936367645867497
0.008823178810611293
-0.18500990684670562
-0.26823481178053116
-0.08365638822946916
-0.22749503450154038
-0.04841773310185191
-0.015280352040472787
-0.18764371582453912
-0.3036182720968138
-0.08010664158060393
-0.22292300130908016
-0.09578930045391135
-0.05460253914685858
-0.19714965638324436
-0.4037662685310434
-0.06474209912696273
-0.20787220632371634
-0.09638996887181236
-0.06538283805527109
-0.18770558363698223
-0.5121968293570897
-0.06731320734865737
-0.19668946775579885
-0.08253472473655019
-0.0828918136285965
-0.04393436956009685
-0.04053454678041158
-0.07837345161373746
-0.03661602802191446
-0.04527498568162861
-0.07400149544823022
-0.033388524049788156
-0.0405720122617573
-0.07471241175895828
-0.14615355116938197
-0.22188174225017512
-0.18455407381018055
-0.20684130352355
-0.2574526562039083
-0.1842222353260549
-0.198323007222737
-0.25463538132622787
-0.07144005620566336
-0.02827032405981715
-0.03618550464190998
-0.11890168159506546
-0.09982419440385773
-0.10706371151304059
-0.18715703569719755
-0.19662654644577815
-0.24287267877418806
-0.18817162081468072
-0.16800670259833095
-0.22986707868470113
-0.11055257836195025
-0.1734527794737618
-0.21688064394215095
-0.1167315646090173
-0.13973637853851376
-0.19368157404279115
-0.061760921885455775
-0.13551130321617705
-0.1816914324998551
-0.18507831360644955
-0.16474311670390235
-0.21871226681959138
-0.10803379844190236
-0.12134057478158776
-0.17685038946618112
-0.10993794404121354
-0.08090363578874372
-0.09690485246828945
-0.1735766915332274
-0.14693975625939643
-0.20838788221160556
-0.17594081316211382
-0.14693975625939643
-0.20838788221160556
-0.05297067872561688
-0.1102173142291259
-0.16143742901868577
-0.16082817534156227
-0.13941923755291014
-0.20354386893678156
-0.07999300377955974
-0.11985565071786115
-0.15860300988681844
-0.06917780190662182
-0.10860561623864985
-0.1484187532055017
-0.06825535410213214
-0.0968023520419203
-0.13580896726114738
-0.14931299797261216
-0.14959372645772137
-0.04014747019068873
-0.14994703674562135
-0.1640320831993421
0.038000742206015306
-0.1420078846374715
-0.13871898582161013
-0.059682601970648924
-0.13239575007301313
-0.13035295243754502
-0.05643644835955581
-0.1540902263036008
-0.1589239776882358
0.047238316011590065
-0.1484547895741043
-0.1589239776882358
0.0820558595408169
-0.11774621987156364
-0.12039606272331374
-0.029338255896603025
-0.14573374385373547
-0.15530905788724003
0.0910018370693364
-0.1032803188395468
-0.107863312408354
-0.044628300558684136
-0.09571473007038478
-0.10082203361898226
-0.0596041227602278
-0.1397537820633208
-0.15526447460771126
0.09794911301984305
-0.13821025559565417
-0.14303633405247163
0.08414293200913169
-0.10481696450944812
-0.08455109810200738
-0.0643750404955531
-0.13653294642082436
-0.1350843399907506
0.08862983490975358
-0.09763928703516683
-0.08455109810200738
-0.07255754860492289
-0.1361160786701795
-0.1350843399907506
0.07813525764971509
-0.09705741520283612
-0.071993325609588
-0.061058916091336686
-0.13821960528396754
-0.12872332928304006
0.07846717798727529
-0.041162190081131464
-0.056730003673452004
0.13952609407861213
-0.04013379848222511
-0.05251688378874772
0.14190635308724867
-0.14831119956797784
-0.11945632318719827
0.08402332642240062
-0.03847679163501269
-0.050533241888743176
0.15069280625463807
-0.031715981911376256
-0.050533241888743176
0.15300487540530688
-0.036675444906738776
-0.04843391571606602
0.15886842160437792
-0.1458419750346444
-0.10672003704737068
0.11088300071990488
-0.04249552552526939
-0.04221430043348933
0.14374705476935964
-0.036473463223774
-0.04740116219935725
0.14257741357852724
-0.027987523982171823
-0.03491299516392632
0.1203400929659397
-0.016059039501091166
-0.028571025250690794
0.13849230790037248
-0.015848438952170394
-0.020204991866625638
0.10686784877862927
-0.013100531437351055
-0.017556626493703025
0.08769200309963039
-0.008763834685174547
-0.011723265472857812
0.06224350220646695
-0.004670668697201226
-0.005012369657691274
0.07336403004534708
-0.003929564027600847
-0.006916190730692193
0.09830741446640569
-0.09667196258057689
-0.03706745533030961
-0.0011625390353301238
-0.10743311767297914
-0.042917352227162225
0.30621376062390043
-0.01514953590018237
-0.016745551204368728
0.08498150891823128
-0.08246403208133474
-0.03500024715763475
0.05112047963913776
-0.08639359610893557
-0.040493416084911145
0.3805084843809249
-0.0955927676141633
-0.040493416084911145
0.36467857315155033
-0.0705246698732151
-0.027437201541844498
-0.0435908300208496
-0.07595942419343127
-0.0332870984386971
0.386071274599689
-0.01514953590018237
-0.013498190575930949
-0.04803019980091282
-0.04900591100113653
-0.025283118926385982
0.16023951220162108
-0.05293547502873737
-0.030443076102436635
0.5281400859700901
-0.06754654728758064
-0.0332870984386971
0.36655609456763677
-0.01514953590018237
-0.010426054030674443
0.04379865537541028
-0.04066537583280203
-0.022255395139151004
0.3195195593653491
-0.046100130153018185
-0.022010532239117607
0.693213221499376
-0.046100130153018185
-0.02526126969974314
0.7493019961156265
-0.028388887076876125
-0.019922711608323457
0.37248102182181914
-0.026883696784260815
-0.019997269614705344
0.27172418815651256
-0.032318451104476974
-0.022343743990343334
0.6675416304171808
-0.032318451104476974
-0.022343743990343334
0.6748524501057727
-0.014686172561525926
-0.007760396678814701
0.02944992772369173
-0.030377639440348398
-0.01579334244352406
0.6697446363992335
-0.030950594252835816
-0.011584478208443159
0.6122934822182774
-0.052397011387398267
-0.01978890786276615
0.38106261589577695
-0.0804432317139809
-0.02374786488054241
0.22760690342811413
-0.12123868000974973
-0.06343499234138995
0.17638541195604962
-0.06576822127676395
-0.0304066324409216
0.20782897164290226
-0.09247956704008028
-0.042485127654834726
0.2198170786786791
-0.06705807580032577
-0.17633597127326803
-0.41217524403201916
-0.06528542682271683
-0.17962021134119463
-0.4308466038563165
-0.08707282142437969
-0.17944465535599047
-0.024722955828934495
-0.06984027734172217
-0.1855541980522152
-0.009429321163623104
-0.10802998668335748
-0.16653775853372102
-0.31702669067046196
-0.0951717644186489
-0.16991263717559027
-0.33480353744865743
-0.1057591702594558
-0.1706748468826747
0.04452538057048951
-0.09943813022467694
-0.1706748468826747
0.04028949981958301
-0.09117901999906027
-0.15849786934225835
-0.10017558482484382
-0.0924374452602419
-0.16288766105385613
-0.1672383211635932
-0.07735146640553943
-0.16500000982400775
0.06679414762901957
-0.07606117743866374
-0.1708807219542103
0.12233417860159441
-0.08328594503328862
-0.1343594134073102
-0.008185551502583903
-0.06075470191215546
-0.14535452355758988
0.10070513981107339
-0.09338475990726089
-0.11706291429513889
0.10044261820295451
-0.0813204687685775
-0.12619255487430747
0.10044744277534572
-0.04949430703589986
-0.13718766502458718
0.07990379024603768
-0.04429737553682889
-0.13718766502458718
0.08698342026246213
-0.09122073182352619
-0.1045711314761593
0.06428444824616016
-0.038543715122628476
-0.1343436426883267
0.04374562028924326
-0.08557718344989416
-0.09170120192713593
0.06445847126915541
-0.03970417665064044
-0.13041693001974947
0.0452677670086527
-0.09830209050390408
-0.07041380536438296
0.09144296933443946
-0.07721968610939642
-0.11939256408262018
0.07107504537019035
-0.07318982002076478
-0.04934592554202137
0.1225204310553354
-0.08295955096878956
-0.11786132984317056
0.0909676479404925
-0.00976973094802477
-0.0685154043011492
-0.03155278311484291
-0.035765141805236725
-0.08082203174824017
-0.04670831041471941
0.02108240439450769
-0.048978758718237224
-0.02036792396424915
-0.07909162146758598
-0.11021010870339447
0.07275672075524758
0.04587300679925379
-0.03871572809261353
-0.019190704260502702
0.05267701670089755
-0.02977251121216739
-0.020538827956916885
0.04389045287136099
-0.020124750729448273
-0.020538827956916885
-0.06790701472021135
-0.025599181477808628
-0.03153749274542445
-0.09910044122559529
-0.07208985770990763
-0.07730277168445315
-0.15582534385731564
-0.1347438532959755
-0.1468440714448733
-0.10251332289202225
-0.1087770712942643
-0.13065630935291297
-0.15236557124713265
-0.1349497283675111
-0.1538286480407538
-0.0443081446833996
-0.10809428653303994
-0.14723890349301547
-0.1518584918695807
-0.12736365835398647
-0.15250579185691138
-0.06363874749201394
-0.06603612047065267
-0.11148302974331599
-0.05672490263172049
-0.06265399558606788
-0.06954129976042002
-0.10817740108575276
-0.06693943939845055
-0.05788302666484782
-0.030733360464596605
-0.04618630877032373
0.1118907442981827
-0.13989989059250224
-0.1025058010452336
0.0610481909642756
-0.02894972858329893
-0.048509015464575325
0.12147545177596955
-0.13836417281685343
-0.1018687010432099
0.07821004164955919
-0.02894972858329893
-0.04167910121439623
0.11769281729881453
-0.13768712900045527
-0.09308634756066679
0.09330433228034549
-0.02214465196433158
-0.06461674378002596
0.1609150834236136
-0.1308820523814879
-0.09308634756066679
0.1322594031614609
-0.019209259985877004
-0.06107432931888533
0.15998858315699913
-0.12794666040303332
-0.08734814049224111
0.12624729729648698
-0.003929564027600847
-0.005493168927276386
0.09539758684834933
-0.003929564027600847
-0.005493168927276386
0.12145652894904302
-0.003929564027600847
-0.005159957176050654
0.15543836978655265
-0.01923010986676653
-0.010101864255229848
0.38015628440731075
-0.019665731238279794
-0.012522896637249729
0.24734718546225784
-0.023159673894367377
-0.012522896637249729
0.6308053767880817
-0.023159673894367377
-0.012522896637249729
0.6353790585837326
-0.014697547747595418
-0.004489950872540369
0.01988627290949092
-0.015736167210678945
-0.010101864255229848
0.40892644872494127
-0.019665731238279794
-0.012522896637249729
0.5873679359055239
-0.019665731238279794
-0.012522896637249729
0.6178282591432501
-0.019665731238279794
-0.010101864255229848
0.21971656223671518
-0.019665731238279794
-0.010101864255229848
0.5943367609551218
-0.014697547747595418
-0.0020689184905204883
-6.92722019909886e-05
-0.019665731238279794
-0.006168492062053997
0.5942114092961853
-0.004968183490684375
-0.00803294576470936
0.5892553686190511
-0.015691466878822474
-0.00803294576470936
0.610028610555025
-0.005434754320216157
-0.0030058745605921365
0.42978243675027705
-0.005434754320216157
-0.005849896896852602
0.4296621046205392
-0.010761155092402266
-0.005849896896852602
0.3073762996592308
-0.005434754320216157
-0.0023464743756379924
0.39581744226066823
-0.026363258710239847
-0.01992414856122183
0.1781678754688845
-0.043326479662349246
-0.02938807695515431
0.11946503116996697
-0.08780095982188413
-0.1027772934330562
0.09821097657932154
-0.00461593202645453
-0.0011970255264572493
0.24219332804473093
-0.00533808367509895
-0.0037064024357846394
0.2155115944954532
-0.10168442414714489
-0.09116162137879881
0.1441214134597352
-0.09845477694580268
-0.09116162137879881
0.10978001995229318
0.0
-0.0011970255264572493
0.19167845625377725
-0.09492134970023641
-0.08115299662922189
0.10560629650422283
-0.06371509560132675
-0.05969323870956194
-0.05324673077134623
-0.07713900179671064
-0.06873051750458585
-0.07283894704453148
-0.09492134970023641
-0.07995597110276464
-0.08607215974955443
-0.06371509560132675
-0.05969323870956194
0.15468474502139873
-0.07713900179671064
-0.06873051750458585
0.12844381663440915
-0.03284635008198647
-0.04220495414677579
-0.042528537538607025
-0.09706849212069037
-0.08996459585234157
-0.0980719145849958
-0.03284635008198647
-0.04220495414677579
0.1654029382541379
-0.02961444934353368
-0.036109852144020106
-0.025331943692059582
-0.02961444934353368
-0.036109852144020106
0.18713026028985716
-0.01764978806503189
-0.01643054801343121
-0.01598488387406089
-0.09311669327070372
-0.08745521894301417
-0.10573157454316003
-0.01764978806503189
-0.01643054801343121
0.2131362555166415
-0.012074706257441132
-0.011937578344900945
0.013927580188570697
-0.012074706257441132
-0.011937578344900945
0.21847446267683474
-0.010340555649267297
-0.00979871498165293
0.04226247962317706
-0.061437701111644295
-0.08285314487183437
-0.07995689888956299
-0.010340555649267297
-0.00979871498165293
0.17713368373558747
-0.004154981355125357
-0.00979871498165293
0.03871258988473553
-0.004154981355125357
-0.00979871498165293
0.1615641665855553
-0.0036692410116335593
0.0
0.1618709770797526
-0.0036692410116335593
0.0
0.1618709770797526
0.037023093231748565
-0.01099511015027968
-0.013464022512883585
0.02253124312113318
-0.01099511015027968
-0.013464022512883585
0.013827553593520813
-0.006502140481749415
-0.013068127477454948
0.016376267821578222
-0.00799306090035417
-0.013068127477454948
0.0022708164239016583
-0.004137088348953686
-0.013068127477454948
-0.0007724231499404146
-0.0007622097070844269
-0.008365154057583642
-0.01457999130383756
-0.0007622097070844269
-0.008365154057583642
0.0008799038012108796
-0.0029281121504284436
-0.008365154057583642
-0.049852248355110367
-0.026172657073246806
-0.023172338687840813
-0.0905881791979585
-0.06941331959733238
-0.07870210459703655
0.0035043850268298544
-0.003133987221964052
0.0
-0.15187070719666296
-0.12280384336241558
-0.1303793044567542
-0.06370956322806198
-0.023800931748420576
-0.02600305016281892
-0.08266144429481766
-0.0712002451774637
-0.07870210459703655
0.0006215951122981346
-0.004872653043619409
0.0
-0.15595714320827503
-0.11966985614045154
-0.12947421647594612
-0.10597188502892042
-0.11628935954772453
-0.12637371862614402
-0.09015999253104548
-0.1068003344427985
-0.13229826964092903
-0.05378557844133447
-0.02140420394887718
-0.02600305016281892
-0.07312645679002343
-0.0712002451774637
-0.07016263781068051
0.0009419317366328528
-0.004872653043619409
0.0
-0.08970390292862394
-0.08271793898339908
-0.13554918586404763
-0.08615427480606046
-0.08307648946075988
-0.10948854411026586
-0.08165193172575948
-0.08617280433625987
-0.10628768142402628
-0.04907568413391537
-0.019806551478926817
-0.01746358337646287
-0.047471723993512294
-0.09528132190512266
-0.12516976274872404
-0.030434909029589265
-0.08130015129264048
-0.11885899457786313
-0.013902964472705257
-0.06402711819713054
-0.11071476129823267
-0.08277617588284242
-0.0768670566470129
-0.10681171871499638
-0.07056426198580927
-0.06402711819713054
-0.11071476129823267
-0.033594414378944865
-0.010874813329162283
-0.013119087476312873
-0.058962124929279096
-0.05311951449487861
-0.05663275097577355
-0.005617161159612639
-0.06458587077902454
-0.09328520372712712
-0.009520832557542798
-0.061173048703344834
-0.08352766541219488
-0.014245640308624984
-0.05412491632926117
-0.06262233097469568
-0.014245640308624984
-0.05412491632926117
-0.06262233097469568
-0.009618020689331219
-0.010349551170692752
0.0
-0.04901105119214883
-0.04270924406336494
-0.033792937884500066
-0.01462225768348024
-0.050849915755592126
-0.056999933880248994
-0.020081771095438985
-0.04402527305760757
-0.04407045026799621
-0.015461986885912087
-0.03638547785343829
-0.039483920999619365
-0.015461986885912087
-0.03638547785343829
-0.039483920999619365
-0.09224757998021316
-0.095868924392031
-0.10347116631312718
0.0007825048211844907
-0.010797655993877697
0.0
-0.02586502919873725
-0.03544288475104318
-0.02690324602646589
-0.01339853653439541
-0.03232461499896087
-0.036447036729392354
-0.019263090347507204
-0.027218603995050574
-0.035929712622390635
-0.035918324487289335
-0.06131373503452192
-0.1095461357012287
-0.03370049174892697
-0.057060505168086105
-0.08934813533853349
0.024073581821402092
-0.05029823537418254
-0.07040857793588202
-0.010463750406107773
-0.03367572188691481
-0.04407045026799621
-0.02004559516869169
-0.01642094800117288
-0.035929712622390635
-0.016946918113766155
-0.02628288535948549
-0.02685017682285631
-0.016946918113766155
-0.02628288535948549
-0.02685017682285631
-0.06128252799870461
-0.05339052376508322
-0.05167719985971755
-0.0074985482362277985
-0.03560008926533483
-0.05359616504389242
-0.00852547493573608
-0.014972559158796183
-0.036125043613345766
0.05334496376966641
-0.011466356284145931
-0.036652452751353565
-0.10916653012790568
-0.05828612133130464
-0.047985420884472815
-0.10916653012790568
-0.05631949227490986
-0.05084255333390706
-0.10941444423355448
-0.05335968557863458
-0.043265410126410324
-0.1087374004171563
-0.05140724634627055
-0.024388485018469058
-0.1087374004171563
-0.028469603780640826
-0.028655680262152598
-0.1087374004171563
-0.026273811173355775
-0.033741285860512026
-0.111054732213011
-0.016135384598982443
-0.00526688836389585
-0.05912175614770613
-0.016135384598982443
-0.001203955877419922
-0.06573458076741723
-0.06901195340378781
0.12079952158696158
-0.06573458076741723
-0.06422901831612052
0.10393752680663679
-0.12239587828052123
-0.06877708498911084
0.15227375689820838
-0.12239587828052123
-0.06877708498911084
0.1412515091580207
-0.12239587828052123
-0.0659156385282878
0.1301699720545589
-0.12239587828052123
-0.06422901831612052
0.12616930320047148
-0.11538357942618842
-0.05982954178158693
0.08805635466426408
-0.11173647252992941
-0.05150838756869113
0.05750155869049394
-0.11173647252992941
-0.05105124936938939
0.05495573350096311
-0.11538357942618842
-0.06422901831612052
0.0935705996677863
-0.11173647252992941
-0.05150838756869113
0.0859008903974467
-0.11173647252992941
-0.05460470244419113
0.07594626525602582
-0.06327412213281511
-0.052641700390128394
0.14245546503544065
-0.05193297606530488
-0.050093953525339005
0.025258047950978555
-0.05193297606530488
-0.04594104002597814
0.03580567610932299
-0.05193297606530488
-0.050093953525339005
0.05339068345123048
-0.05193297606530488
-0.050093953525339005
0.038077904832173624
-0.011341146067510232
-0.052641700390128394
0.15754064526210426
0.0
-0.003212945403971972
0.034181891530297215
0.0
-0.003212945403971972
0.01975295060361738
0.0
0.0
-0.014428940926679845
0.0
-0.004152913499360871
0.0022722287228506494
0.0
0.0
0.028132635500251905
0.0
-0.0035534530748017445
0.020990531755062738
0.0
0.0
0.02839933170695275
0.0
-0.00439947653453359
0.005514245003522227
-0.003929564027600847
-0.002421032382019881
0.07325028889325075
-0.003929564027600847
-0.002421032382019881
0.05067589168815737
-0.003929564027600847
-0.002421032382019881
0.04357028306817176
0.0
0.0
0.06555290008214844
-0.010979823090156665
-0.003822017686416004
0.6240027413946383
-0.0060116395994722896
-0.0020689184905204883
0.020484120019844867
-0.010979823090156665
-0.003822017686416004
0.24895497685175286
-0.010979823090156665
-0.003822017686416004
0.5163630347562902
-0.010979823090156665
-0.003822017686416004
0.5515956040943956
-0.010979823090156665
-0.003822017686416004
0.47208040828969194
-0.010979823090156665
-0.003822017686416004
0.435598264611669
-0.010979823090156665
-0.003822017686416004
0.2652988108942003
-0.010979823090156665
-0.003822017686416004
0.44533667082551837
-0.010979823090156665
-0.003822017686416004
0.4782531848076986
-0.0060116395994722896
-0.0017530991958955157
0.03597066680093523
-0.0060116395994722896
-0.0017530991958955157
0.4406048190382436
-0.0060116395994722896
0.0
0.401698234060633
-0.0060116395994722896
0.0
0.39105123927885943
-0.004968183490684375
-0.0017530991958955157
0.4958789147364458
-0.004968183490684375
-0.0040995735715335085
0.5942806814981765
-0.003493942656087583
0.0
0.38345819132582387
0.0
0.0
0.2783999757564634
0.0
0.0
0.400754689583004
0.0
0.0
0.06654228558024966
0.0
0.0
0.39602338174285306
0.0
0.0
0.3294810961626035
0.0
0.0
0.4046341522373085
0.0
0.0
0.37462019871840635
0.0
0.0
0.1800378599313182
0.0
0.0
0.30264062724264257
0.0
0.0
0.2079314757927449
0.0
0.0
0.2079314757927449
0.0
0.0
0.20128276367894066
-0.022620284583828972
-0.025520623462347666
-0.014762592013778537
-0.018854187297787848
-0.025520623462347666
-0.014709522810168955
0.034388793508668594
-0.008140671692227174
-0.023206995995748946
0.0
0.0
0.022231776393834616
0.0
0.0
0.006172776518006587
0.0
0.0
-0.010646994781773616
0.0
0.0
0.3178413698699925
0.0
0.0
0.2619518469854191
0.0
0.0
0.2619518469854191
0.0
0.0
0.3178413698699925
0.0
0.0
0.14900793537941592
0.0
0.0
0.290918762179665
0.0
0.0
0.18306941789354647
0.0
0.0
0.18306941789354647
0.0
0.0
0.040924055722733936
0.0
0.0
0.040924055722733936
0.0
0.0
0.14191082680024905
0.0
0.0
0.12235471382654088
0.0
0.0
0.20454688248826405
0.0
0.0
0.22912113939070236
0.0
0.0
0.2124622039819167
0.0
0.0
0.1618709770797526
0.0
0.0
0.12285157670081978
0.0
0.0
0.1348712041124104
0.0
0.0
0.1618709770797526
0.0
0.0
0.10280262455001062
0.0
0.0
0.10147958878539642
0.0
0.0
0.10147958878539642
0.0
0.0
0.1089103296912032
0.0
0.0
0.10280262455001062
0.0
0.0
0.10147958878539642
0.0
0.0
0.10147958878539642
0.0
0.0
0.1089103296912032
0.0
0.0
0.10526612834260697
0.0
0.0
0.11103654776491782
0.0
0.0
0.11497268226733345
0.0
0.0
0.10526612834260697
0.0
0.0
0.11103654776491782
0.0
0.0
0.11497268226733345
0.0
0.0
0.07422332349958509
0.0
0.0
0.07696577634208873
0.0
0.0
0.08073099428011536
0.0
0.0
0.07422332349958509
0.0
0.0
0.07696577634208873
0.0
0.0
0.08073099428011536
0.0
0.0
0.05209016080520512
0.0
0.0
0.05939839075735387
0.0
0.0
0.05697573615252377
0.0
0.0
0.05540577794787427
0.0
0.0
0.05209016080520512
0.0
0.0
0.05939839075735387
0.0
0.0
0.05697573615252377
0.0
0.0
0.05540577794787427
0.0
0.0
0.030266098120517046
0.0
0.0
0.03712108390568861
0.0
0.0
0.03352367847277262
0.0
0.0
0.030266098120517046
0.0
0.0
0.03712108390568861
0.0
0.0
0.03352367847277262
0.0
0.0
0.0
0.0
0.0
0.0
0.0
0.0
0.0
0.0
0.0
0.008686617614708392
0.0
0.0
0.0
0.0
0.0
0.0
0.0
0.0
0.0
0.0
0.0
0.016891581806663794
0.00010825243418278075
-0.0031173389391020833
0.0
-0.021821968419313435
-0.013323624201655731
-0.013409405251733056
-0.021930220853496215
-0.010206285262553648
-0.013409405251733056
-0.014279177709305525
-0.013323624201655731
-0.008131248767672154
-0.014279177709305525
-0.013323624201655731
-0.008131248767672154
0.012466492664341829
0.003118269752082305
-0.009543790702926458
-0.056661297513104
0.003096314875499999
0.009370450467597281
-0.056661297513104
0.0
0.0
0.0
0.0
0.0
0.0
0.0
0.0082049641919554
0.0
0.0
0.0
-0.006469678118079471
-0.006183880000245665
-0.003753252577868196
-0.006469678118079471
-0.006183880000245665
-0.003753252577868196
-0.005885678905161455
-0.0011408983175932974
0.0
-0.005885678905161455
-0.0011408983175932974
0.0
0.0037660972860411234
0.0
5.306920360958144e-05
0.0
0.0
0.0
0.0
0.0
0.0
0.0
0.0
0.0
0.0
0.0
0.0
0.0
0.0
0.0
0.0
0.0
0.0
0.0
0.0
0.0
0.0
0.0
0.0
0.0
0.0
0.0
0.0
0.0
0.0
0.0
0.0
0.0
0.0
0.0
0.0
0.0
0.0
0.0
0.0
0.0
0.0
0.0
0.0
0.0
0.0
0.0
0.0
0.0
0.0
0.0
0.0
0.0
0.0
0.0
0.0
0.0
0.0
0.0
0.0
0.0
0.0
0.0
0.0
0.0
0.0
0.0
0.0
0.0
0.0
0.0
0.0
0.0
0.0
0.0
0.0
0.0
0.0
0.0
0.0
0.0
0.0
0.0
0.0
0.0
0.0
0.0
0.0
0.0
0.0
0.0
0.0
0.0
0.0
0.0
0.0
0.0
0.0
0.0
0.0
0.0
0.0
0.0
0.0
0.0
0.0
0.0
0.0
0.0
0.0
0.0
0.0
0.0
0.0
0.0
0.0
0.0
0.0
0.0
0.0
0.0
0.0
0.0
0.0
0.0
0.0
0.0
0.0
0.0
0.0
0.0
0.0
0.0
0.0
0.0
0.0
0.0
0.0
0.0
0.0
0.0
0.0
0.0
0.0
0.0
0.0
0.0
0.0
0.0
0.0
0.0
0.0
0.0
0.0
0.0
0.0
0.0
0.0
0.0
0.0
0.0
0.0
0.0
0.0
0.0
0.0
0.0
0.0
0.0
0.0
0.0
0.0
0.0
0.0
0.0
0.0
0.0
0.0
0.0
0.0
0.0
0.0
0.0
0.0
0.0
0.0
0.0
0.0
0.0
0.0
0.0
0.0
0.0
0.0
0.0
0.0
0.0
0.0
0.0
0.0
0.0
0.0
0.0
0.0
0.0
0.0
0.0
0.0
0.0
0.0
0.0
0.0
0.0
0.0
0.0
0.0
0.0
0.0
0.0
0.0
0.0
0.0
0.0
0.0
0.0
0.0
0.0
0.0
0.0
0.0
0.0
0.0
0.0
0.0
0.0
0.0
0.0
0.0
0.0
0.0
0.0
0.0
0.0
0.0
0.0
0.0
0.0
0.0
0.0
0.0
0.0
0.0
0.0
0.0
0.0
0.0
0.0
0.0
0.0
0.0
0.0
0.0
0.0
0.0
0.0
0.0
0.0
0.0
0.0
0.0
0.0
0.0
0.0
0.0
0.0
0.0
0.0
0.0
0.0
0.0
0.0
0.0
0.0
0.0
0.0
0.0
0.0
0.0
0.0
0.0
0.0
0.0
0.0
0.0
0.0
0.0
0.0
0.0
0.0
0.0
0.0
0.0
0.0
0.0
0.0
0.0
0.0
0.0
0.0
0.0
0.0
0.0
0.0
0.0
0.0
0.0
0.0
0.0
0.0
0.0
0.0
0.0
0.0
0.0
0.0
0.0
0.0
0.0
0.0
0.0
0.0
0.0
0.0
0.0
0.0
0.0
0.0
0.0
0.0
0.0
0.0
0.0
0.0
0.0
0.0
0.0
0.0
0.0
0.0
0.0
0.0
0.0
0.0
0.0
0.0
0.0
0.0
0.0
0.0
0.0
0.0
0.0
0.0
0.0
0.0
0.0
0.0
0.0
0.0
0.0
0.0
0.0
0.0
0.0
0.0
0.0
0.0
0.0
0.0
0.0
0.0
0.0
0.0
0.0
0.0
0.0
0.0
0.0
0.0
0.0
0.0
0.0
0.0
0.0
0.0
0.0
0.0
0.0
0.0
0.0
0.0
0.0
0.0
0.0
0.0
0.0
0.0
0.0
0.0
0.0
0.0
0.0
0.0
0.0
0.0
0.0
0.0
0.0
0.0
0.0
0.0
0.0
0.0
0.0
0.0
0.0
0.0
0.0
0.0
0.0
0.0
0.0
0.0
0.0
0.0
0.0
0.0
0.0
0.0
0.0
0.0
0.0
0.0
0.0
0.0
0.0
0.0
0.0
0.0
0.0
0.0
0.0
0.0
0.0
0.0
0.0
0.0
0.0
0.0
0.0
0.0
0.0
0.0
0.0
0.0
0.0
0.0
0.0
0.0
0.0
0.0
0.0
0.0
0.0
0.0
0.0
0.0
0.0
0.0
0.0
0.0
0.0
0.0
0.0
0.0
0.0
0.0
0.0
0.0
0.0
0.0
0.0
0.0
0.0
0.0
0.0
0.0
0.0
0.0
0.0
0.0
0.0
0.0
0.0
0.0
0.0
0.0
0.0
0.0
0.0
0.0
0.0
0.0
0.0
0.0
0.0
0.0
0.0
0.0
0.0
0.0
0.0
0.0
0.0
0.0
0.0
0.0
0.0
0.0
0.0
0.0
0.0
0.0
0.0
0.0
0.0
0.0
0.0
0.0
0.0
0.0
0.0
0.0
0.0
0.0
0.0
0.0
0.0
0.0
0.0
0.0
0.0
0.0
0.0
0.0
0.0
0.0
0.0
0.0
0.0
0.0
0.0
0.0
0.0
0.0
0.0
0.0
0.0
0.0
0.0
0.0
0.0
0.0
0.0
0.0
0.0
0.0
0.0
0.0
0.0
0.0
0.0
0.0
0.0
0.0
0.0
0.0
0.0
0.0
0.0
0.0
0.0
0.0
0.0
0.0
0.0
0.0
0.0
0.0
0.0
0.0
0.0
0.0
0.0
0.0
0.0
0.0
0.0
0.0
0.0
0.0
0.0
0.0
0.0
0.0
0.0
0.0
0.0
0.0
0.0
0.0
0.0
0.0
0.0
0.0
0.0
0.0
0.0
0.0
0.0
0.0
0.0
0.0
0.0
0.0
0.0
0.0
0.0
0.0
0.0
0.0
0.0
0.0
0.0
0.0
0.0
0.0
0.0
0.0
0.0
0.0
0.0
0.0
0.0
0.0
0.0
0.0
0.0
0.0
0.0
0.0
0.0
0.0
0.0
0.0
0.0
0.0
0.0
0.0
0.0
0.0
0.0
0.0
0.0
0.0
0.0
0.0
0.0
0.0
0.0
0.0
0.0
0.0
0.0
0.0
0.0
0.0
0.0
0.0
0.0
0.0
0.0
0.0
0.0
0.0
0.0
0.0
0.0
0.0
0.0
0.0
0.0
0.0
0.0
0.0
0.0
0.0
0.0
0.0
0.0
0.0
0.0
0.0
0.0
0.0
0.0
0.0
0.0
0.0
0.0
0.0
0.0
0.0
0.0
0.0
0.0
0.0
0.0
0.0
0.0
0.0
0.0
0.0
0.0
0.0
0.0
0.0
0.0
0.0
0.0
0.0
0.0
0.0
0.0
0.0
0.0
0.0
0.0
0.0
0.0
0.0
0.0
0.0
0.0
0.0
0.0
0.0
0.0
0.0
0.0
0.0
0.0
0.0
0.0
0.0
0.0
0.0
0.0
0.0
0.0
0.0
0.0
0.0
0.0
0.0
0.0
0.0
0.0
0.0
0.0
0.0
0.0
0.0
0.0
0.0
0.0
0.0
0.0
0.0
0.0
0.0
0.0
0.0
0.0
0.0
0.0
0.0
0.0
0.0
0.0
0.0
0.0
0.0
0.0
0.0
0.0
0.0
0.0
0.0
0.0
0.0
0.0
0.0
0.0
0.0
0.0
0.0
0.0
0.0
0.0
0.0
0.0
0.0
0.0
0.0
0.0
0.0
0.0
0.0
0.0
0.0
0.0
0.0
0.0
0.0
0.0
0.0
0.0
0.0
0.0
0.0
0.0
0.0
0.0
0.0
0.0
0.0
0.0
0.0
0.0
0.0
0.0
0.0
0.0
0.0
0.0
0.0
0.0
0.0
0.0
0.0
0.0
0.0
0.0
0.0
0.0
0.0
0.0
0.0
0.0
0.0
0.0
0.0
0.0
0.0
0.0
0.0
0.0
0.0
0.0
0.0
0.0
0.0
0.0
0.0
0.0
0.0
0.0
0.0
0.0
0.0
0.0
0.0
0.0
0.0
0.0
0.0
0.0
0.0
0.0
0.0
0.0
0.0
0.0
0.0
0.0
0.0
0.0
0.0
0.0
0.0
0.0
0.0
0.0
0.0
0.0
0.0
0.0
0.0
0.0
0.0
0.0
0.0
0.0
0.0
0.0
0.0
0.0
0.0
0.0
0.0
0.0
0.0
0.0
0.0
0.0
0.0
0.0
0.0
0.0
0.0
0.0
0.0
0.0
0.0
0.0
0.0
0.0
0.0
0.0
0.0
0.0
0.0
0.0
0.0
0.0
0.0
0.0
0.0
0.0
0.0
0.0
0.0
0.0
0.0
0.0
0.0
0.0
0.0
0.0
0.0
0.0
0.0
0.0
0.0
0.0
0.0
0.0
0.0
0.0
0.0
0.0
0.0
0.0
0.0
0.0
0.0
0.0
0.0
0.0
0.0
0.0
0.0
0.0
0.0
0.0
0.0
0.0
0.0
0.0
0.0
0.0
0.0
0.0
0.0
0.0
0.0
0.0
0.0
0.0
0.0
0.0
0.0
0.0
0.0
0.0
0.0
0.0
0.0
0.0
0.0
0.0
0.0
0.0
0.0
0.0
0.0
0.0
0.0
0.0
0.0
0.0
0.0
0.0
0.0
0.0
0.0
0.0
0.0
0.0
0.0
0.0
0.0
0.0
0.0
0.0
0.0
0.0
0.0
0.0
0.0
0.0
0.0
0.0
0.0
0.0
0.0
0.0
0.0
0.0
0.0
0.0
0.0
0.0
0.0
0.0
0.0
0.0
0.0
0.0
0.0
0.0
0.0
0.0
0.0
0.0
0.0
0.0
0.0
0.0
0.0
0.0
0.0
0.0
0.0
0.0
0.0
0.0
0.0
0.0
0.0
0.0
0.0
0.0
0.0
0.0
0.0
0.0
0.0
0.0
0.0
0.0
0.0
0.0
0.0
0.0
0.0
0.0
0.0
0.0
0.0
0.0
0.0
0.0
0.0
0.0
0.0
0.0
0.0
0.0
0.0
0.0
0.0
0.0
0.0
0.0
0.0
0.0
0.0
0.0
0.0
0.0
0.0
0.0
0.0
0.0
0.0
0.0
0.0
0.0
0.0
0.0
0.0
0.0
0.0
0.0
0.0
0.0
0.0
0.0
0.0
0.0
0.0
0.0
0.0
0.0
0.0
0.0
0.0
0.0
0.0
0.0
0.0
0.0
0.0
0.0
0.0
0.0
0.0
0.0
0.0
0.0
0.0
0.0
0.0
0.0
0.0
0.0
0.0
0.0
0.0
0.0
0.0
0.0
0.0
0.0
0.0
0.0
0.0
0.0
0.0
0.0
0.0
0.0
0.0
0.0
0.0
0.0
0.0
0.0
0.0
0.0
0.0
0.0
0.0
0.0
0.0
0.0
0.0
0.0
0.0
0.0
0.0
0.0
0.0
0.0
0.0
0.0
0.0
0.0
0.0
0.0
0.0
0.0
0.0
0.0
0.0
0.0
0.0
0.0
0.0
0.0
0.0
0.0
0.0
0.0
0.0
0.0
0.0
0.0
0.0
0.0
0.0
0.0
0.0
0.0
0.0
0.0
0.0
0.0
0.0
0.0
0.0
0.0
0.0
0.0
0.0
0.0
0.0
0.0
0.0
0.0
0.0
0.0
0.0
0.0
0.0
0.0
0.0
0.0
0.0
0.0
0.0
0.0
0.0
0.0
0.0
0.0
0.0
0.0
0.0
0.0
0.0
0.0
0.0
0.0
0.0
0.0
0.0
0.0
0.0
0.0
0.0
0.0
0.0
0.0
0.0
0.0
0.0
0.0
0.0
0.0
0.0
0.0
0.0
0.0
0.0
0.0
0.0
0.0
0.0
0.0
0.0
0.0
0.0
0.0
0.0
0.0
0.0
0.0
0.0
0.0
0.0
0.0
0.0
0.0
0.0
0.0
0.0
0.0
0.0
0.0
0.0
0.0
0.0
0.0
0.0
0.0
0.0
0.0
0.0
0.0
0.0
0.0
0.0
0.0
0.0
0.0
0.0
0.0
0.0
0.0
0.0
0.0
0.0
0.0
0.0
0.0
0.0
0.0
0.0
0.0
0.0
0.0
0.0
0.0
0.0
0.0
0.0
0.0
0.0
0.0
0.0
0.0
0.0
0.0
0.0
0.0
0.0
0.0
0.0
0.0
0.0
0.0
0.0
0.0
0.0
0.0
0.0
0.0
0.0
0.0
0.0
0.0
0.0
0.0
0.0
0.0
0.0
0.0
0.0
0.0
0.0
0.0
0.0
0.0
0.0
0.0
0.0
0.0
0.0
0.0
0.0
0.0
0.0
0.0
0.0
0.0
0.0
0.0
0.0
0.0
0.0
0.0
0.0
0.0
0.0
0.0
0.0
0.0
0.0
0.0
0.0
0.0
0.0
0.0
0.0
0.0
0.0
0.0
0.0
0.0
0.0
0.0
0.0
0.0
0.0
0.0
0.0
0.0
0.0
0.0
0.0
0.0
0.0
0.0
0.0
0.0
0.0
0.0
0.0
0.0
0.0
0.0
0.0
0.0
0.0
0.0
0.0
0.0
0.0
0.0
0.0
0.0
0.0
0.0
0.0
0.0
0.0
0.0
0.0
0.0
0.0
0.0
0.0
0.0
0.0
0.0
0.0
0.0
0.0
0.0
0.0
0.0
0.0
0.0
0.0
0.0
0.0
0.0
0.0
0.0
0.0
0.0
0.0
0.0
0.0
0.0
0.0
0.0
0.0
0.0
0.0
0.0
0.0
0.0
0.0
0.0
0.0
0.0
0.0
0.0
0.0
0.0
0.0
0.0
0.0
0.0
0.0
0.0
0.0
0.0
0.0
0.0
0.0
0.0
0.0
0.0
0.0
0.0
0.0
0.0
0.0
0.0
0.0
0.0
0.0
0.0
0.0
0.0
0.0
0.0
0.0
0.0
0.0
0.0
0.0
0.0
0.0
0.0
0.0
0.0
0.0
0.0
0.0
0.0
0.0
0.0
0.0
0.0
0.0
0.0
0.0
0.0
0.0
0.0
0.0
0.0
0.0
0.0
0.0
0.0
0.0
0.0
0.0
0.0
0.0
0.0
0.0
0.0
0.0
0.0
0.0
0.0
0.0
0.0
0.0
0.0
0.0
0.0
0.0
0.0
0.0
0.0
0.0
0.0
0.0
0.0
0.0
0.0
0.0
0.0
0.0
0.0
0.0
0.0
0.0
0.0
0.0
0.0
0.0
0.0
0.0
0.0
0.0
0.0
0.0
0.0
0.0
0.0
0.0
0.0
0.0
0.0
0.0
0.0
0.0
0.0
0.0
0.0
0.0
0.0
0.0
0.0
0.0
0.0
0.0
0.0
0.0
0.0
0.0
0.0
0.0
0.0
0.0
0.0
0.0
0.0
0.0
0.0
0.0
0.0
0.0
0.0
0.0
0.0
0.0
0.0
0.0
0.0
0.0
0.0
0.0
0.0
0.0
0.0
0.0
0.0
0.0
0.0
0.0
0.0
0.0
0.0
0.0
0.0
0.0
0.0
0.0
0.0
0.0
0.0
0.0
0.0
0.0
0.0
0.0
0.0
0.0
0.0
0.0
0.0
0.0
0.0
0.0
0.0
0.0
0.0
0.0
0.0
0.0
0.0
0.0
0.0
0.0
0.0
0.0
0.0
0.0
0.0
0.0
0.0
0.0
0.0
0.0
0.0
0.0
0.0
0.0
0.0
0.0
0.0
0.0
0.0
0.0
0.0
0.0
0.0
0.0
0.0
0.0
0.0
0.0
0.0
0.0
0.0
0.0
0.0
0.0
0.0
0.0
0.0
0.0
0.0
0.0
0.0
0.0
0.0
0.0
0.0
0.0
0.0
0.0
0.0
0.0
0.0
0.0
0.0
0.0
0.0
0.0
0.0
0.0
0.0
0.0
0.0
0.0
0.0
0.0
0.0
0.0
0.0
0.0
0.0
0.0
0.0
0.0
0.0
0.0
0.0
0.0
0.0
0.0
0.0
0.0
0.0
0.0
0.0
0.0
0.0
0.0
0.0
0.0
0.0
0.0
0.0
0.0
0.0
0.0
0.0
0.0
0.0
0.0
0.0
0.0
0.0
0.0
0.0
0.0
0.0
0.0
0.0
0.0
0.0
0.0
0.0
0.0
0.0
0.0
0.0
0.0
0.0
0.0
0.0
0.0
0.0
0.0
0.0
0.0
0.0
0.0
0.0
0.0
0.0
0.0
0.0
0.0
0.0
0.0
0.0
0.0
0.0
0.0
0.0
0.0
0.0
0.0
0.0
0.0
0.0
0.0
0.0
0.0
0.0
0.0
0.0
0.0
0.0
0.0
0.0
0.0
0.0
0.0
0.0
0.0
0.0
0.0
0.0
0.0
0.0
0.0
0.0
0.0
0.0
0.0
0.0
0.0
0.0
0.0
0.0
0.0
0.0
0.0
0.0
0.0
0.0
0.0
0.0
0.0
0.0
0.0
0.0
0.0
0.0
0.0
0.0
0.0
0.0
0.0
0.0
0.0
0.0
0.0
0.0
0.0
0.0
0.0
0.0
0.0
0.0
0.0
0.0
0.0
0.0
0.0
0.0
0.0
0.0
0.0
0.0
0.0
0.0
0.0
0.0
0.0
0.0
0.0
0.0
0.0
0.0
0.0
0.0
0.0
0.0
0.0
0.0
0.0
0.0
0.0
0.0
0.0
0.0
0.0
0.0
0.0
0.0
0.0
0.0
0.0
0.0
0.0
0.0
0.0
0.0
0.0
0.0
0.0
0.0
0.0
0.0
0.0
0.0
0.0
0.0
0.0
0.0
0.0
0.0
0.0
0.0
0.0
0.0
0.0
0.0
0.0
0.0
0.0
0.0
0.0
0.0
0.0
0.0
0.0
0.0
0.0
0.0
0.0
0.0
0.0
0.0
0.0
0.0
0.0
0.0
0.0
0.0
0.0
0.0
0.0
0.0
0.0
0.0
0.0
0.0
0.0
0.0
0.0
0.0
0.0
0.0
0.0
0.0
0.0
0.0
0.0
0.0
0.0
0.0
0.0
0.0
0.0
0.0
0.0
0.0
0.0
0.0
0.0
0.0
0.0
0.0
0.0
0.0
0.0
0.0
0.0
0.0
0.0
0.0
0.0
0.0
0.0
0.0
0.0
0.0
0.0
0.0
0.0
0.0
0.0
0.0
0.0
0.0
0.0
0.0
0.0
0.0
0.0
0.0
0.0
0.0
0.0
0.0
0.0
0.0
0.0
0.0
0.0
0.0
0.0
0.0
0.0
0.0
0.0
0.0
0.0
0.0
0.0
0.0
0.0
0.0
0.0
0.0
0.0
0.0
0.0
0.0
0.0
0.0
0.0
0.0
0.0
0.0
0.0
0.0
0.0
0.0
0.0
0.0
0.0
0.0
0.0
0.0
0.0
0.0
0.0
0.0
0.0
0.0
0.0
0.0
0.0
0.0
0.0
0.0
0.0
0.0
0.0
0.0
0.0
0.0
0.0
0.0
0.0
0.0
0.0
0.0
0.0
0.0
0.0
0.0
0.0
0.0
0.0
0.0
0.0
0.0
0.0
0.0
0.0
0.0
0.0
0.0
0.0
0.0
0.0
0.0
0.0
0.0
0.0
0.0
0.0
0.0
0.0
0.0
0.0
0.0
0.0
0.0
0.0
0.0
0.0
0.0
0.0
0.0
0.0
0.0
0.0
0.0
0.0
0.0
0.0
0.0
0.0
0.0
0.0
0.0
0.0
0.0
0.0
0.0
0.0
0.0
0.0
0.0
0.0
0.0
0.0
0.0
0.0
0.0
0.0
0.0
0.0
0.0
0.0
0.0
0.0
0.0
0.0
0.0
0.0
0.0
0.0
0.0
0.0
0.0
0.0
0.0
0.0
0.0
0.0
0.0
0.0
0.0
0.0
0.0
0.0
0.0
0.0
0.0
0.0
0.0
0.0
0.0
0.0
0.0
0.0
0.0
0.0
0.0
0.0
0.0
0.0
0.0
0.0
0.0
0.0
0.0
0.0
0.0
0.0
0.0
0.0
0.0
0.0
0.0
0.0
0.0
0.0
0.0
0.0
0.0
0.0
0.0
0.0
0.0
0.0
0.0
0.0
0.0
0.0
0.0
0.0
0.0
0.0
0.0
0.0
0.0
0.0
0.0
0.0
0.0
0.0
0.0
0.0
0.0
0.0
0.0
0.0
0.0
0.0
0.0
0.0
0.0
0.0
0.0
0.0
0.0
0.0
0.0
0.0
0.0
0.0
0.0
0.0
0.0
0.0
0.0
0.0
0.0
0.0
0.0
0.0
0.0
0.0
0.0
0.0
0.0
0.0
0.0
0.0
0.0
0.0
0.0
0.0
0.0
0.0
0.0
0.0
0.0
0.0
0.0
0.0
0.0
0.0
0.0
0.0
0.0
0.0
0.0
0.0
0.0
0.0
0.0
0.0
0.0
0.0
0.0
0.0
0.0
0.0
0.0
0.0
0.0
0.0
0.0
0.0
0.0
0.0
0.0
0.0
0.0
0.0
0.0
0.0
0.0
0.0
0.0
0.0
0.0
0.0
0.0
0.0
0.0
0.0
0.0
0.0
0.0
0.0
0.0
0.0
0.0
0.0
0.0
0.0
0.0
0.0
0.0
0.0
0.0
0.0
0.0
0.0
0.0
0.0
0.0
0.0
0.0
0.0
0.0
0.0
0.0
0.0
0.0
0.0
0.0
0.0
0.0
0.0
0.0
0.0
0.0
0.0
0.0
0.0
0.0
0.0
0.0
0.0
0.0
0.0
0.0
0.0
0.0
0.0
0.0
0.0
0.0
0.0
0.0
0.0
0.0
0.0
0.0
0.0
0.0
0.0
0.0
0.0
0.0
0.0
0.0
0.0
0.0
0.0
0.0
0.0
0.0
0.0
0.0
0.0
0.0
0.0
0.0
0.0
0.0
0.0
0.0
0.0
0.0
0.0
0.0
0.0
0.0
0.0
0.0
0.0
0.0
0.0
0.0
0.0
0.0
0.0
0.0
0.0
0.0
0.0
0.0
0.0
0.0
0.0
0.0
0.0
0.0
0.0
0.0
0.0
0.0
0.0
0.0
0.0
0.0
0.0
0.0
0.0
0.0
0.0
0.0
0.0
0.0
0.0
0.0
0.0
0.0
0.0
0.0
0.0
0.0
0.0
0.0
0.0
0.0
0.0
0.0
0.0
0.0
0.0
0.0
0.0
0.0
0.0
0.0
0.0
0.0
0.0
0.0
0.0
0.0
0.0
0.0
0.0
0.0
0.0
0.0
0.0
0.0
0.0
0.0
0.0
0.0
0.0
0.0
0.0
0.0
0.0
0.0
0.0
0.0
0.0
0.0
0.0
0.0
0.0
0.0
0.0
0.0
0.0
0.0
0.0
0.0
0.0
0.0
0.0
0.0
0.0
0.0
0.0
0.0
0.0
0.0
0.0
0.0
0.0
0.0
0.0
0.0
0.0
0.0
0.0
0.0
0.0
0.0
0.0
0.0
0.0
0.0
0.0
0.0
0.0
0.0
0.0
0.0
0.0
0.0
0.0
0.0
0.0
0.0
0.0
0.0
0.0
0.0
0.0
0.0
0.0
0.0
0.0
0.0
0.0
0.0
0.0
0.0
0.0
0.0
0.0
0.0
0.0
0.0
0.0
0.0
0.0
0.0
0.0
0.0
0.0
0.0
0.0
0.0
0.0
0.0
0.0
0.0
0.0
0.0
0.0
0.0
0.0
0.0
0.0
0.0
0.0
0.0
0.0
0.0
0.0
0.0
0.0
0.0
0.0
0.0
0.0
0.0
0.0
0.0
0.0
0.0
0.0
0.0
0.0
0.0
0.0
0.0
0.0
0.0
0.0
0.0
0.0
0.0
0.0
0.0
0.0
0.0
0.0
0.0
0.0
0.0
0.0
0.0
0.0
0.0
0.0
0.0
0.0
0.0
0.0
0.0
0.0
0.0
0.0
0.0
0.0
0.0
0.0
0.0
0.0
0.0
0.0
0.0
0.0
0.0
0.0
0.0
0.0
0.0
0.0
0.0
0.0
0.0
0.0
0.0
0.0
0.0
0.0
0.0
0.0
0.0
0.0
0.0
0.0
0.0
0.0
0.0
0.0
0.0
0.0
0.0
0.0
0.0
0.0
0.0
0.0
0.0
0.0
0.0
0.0
0.0
0.0
0.0
0.0
0.0
0.0
0.0
0.0
0.0
0.0
0.0
0.0
0.0
0.0
0.0
0.0
0.0
0.0
0.0
0.0
0.0
0.0
0.0
0.0
0.0
0.0
0.0
0.0
0.0
0.0
0.0
0.0
0.0
0.0
0.0
0.0
0.0
0.0
0.0
0.0
0.0
0.0
0.0
0.0
0.0
0.0
0.0
0.0
0.0
0.0
0.0
0.0
0.0
0.0
0.0
0.0
0.0
0.0
0.0
0.0
0.0
0.0
0.0
0.0
0.0
0.0
0.0
0.0
0.0
0.0
0.0
0.0
0.0
0.0
0.0
0.0
0.0
0.0
0.0
0.0
0.0
0.0
0.0
0.0
0.0
0.0
0.0
0.0
0.0
0.0
0.0
0.0
0.0
0.0
0.0
0.0
0.0
0.0
0.0
0.0
0.0
0.0
0.0
0.0
0.0
0.0
0.0
0.0
0.0
0.0
0.0
0.0
0.0
0.0
0.0
0.0
0.0
0.0
0.0
0.0
0.0
0.0
0.0
0.0
0.0
0.0
0.0
0.0
0.0
0.0
0.0
0.0
0.0
0.0
0.0
0.0
0.0
0.0
0.0
0.0
0.0
0.0
0.0
0.0
0.0
0.0
0.0
0.0
0.0
0.0
0.0
0.0
0.0
0.0
0.0
0.0
0.0
0.0
0.0
0.0
0.0
0.0
0.0
0.0
0.0
0.0
0.0
0.0
0.0
0.0
0.0
0.0
0.0
0.0
0.0
0.0
0.0
0.0
0.0
0.0
0.0
0.0
0.0
0.0
0.0
0.0
0.0
0.0
0.0
0.0
0.0
0.0
0.0
0.0
0.0
0.0
0.0
0.0
0.0
0.0
0.0
0.0
0.0
0.0
0.0
0.0
0.0
0.0
0.0
0.0
0.0
0.0
0.0
0.0
0.0
0.0
0.0
0.0
0.0
0.0
0.0
0.0
0.0
0.0
0.0
0.0
0.0
0.0
0.0
0.0
0.0
0.0
0.0
0.0
0.0
0.0
0.0
0.0
0.0
0.0
0.0
0.0
0.0
0.0
0.0
0.0
0.0
0.0
0.0
0.0
0.0
0.0
0.0
0.0
0.0
0.0
0.0
0.0
0.0
0.0
0.0
0.0
0.0
0.0
0.0
0.0
0.0
0.0
0.0
0.0
0.0
0.0
0.0
0.0
0.0
0.0
0.0
0.0
0.0
0.0
0.0
0.0
0.0
0.0
0.0
0.0
0.0
0.0
0.0
0.0
0.0
0.0
0.0
0.0
0.0
0.0
0.0
0.0
0.0
0.0
0.0
0.0
0.0
0.0
0.0
0.0
0.0
0.0
0.0
0.0
0.0
0.0
0.0
0.0
0.0
0.0
0.0
0.0
0.0
0.0
0.0
0.0
0.0
0.0
0.0
0.0
0.0
0.0
0.0
0.0
0.0
0.0
0.0
0.0
0.0
0.0
0.0
0.0
0.0
0.0
0.0
0.0
0.0
0.0
0.0
0.0
0.0
0.0
0.0
0.0
0.0
0.0
0.0
0.0
0.0
0.0
0.0
0.0
0.0
0.0
0.0
0.0
0.0
0.0
0.0
0.0
0.0
0.0
0.0
0.0
0.0
0.0
0.0
0.0
0.0
0.0
0.0
0.0
0.0
0.0
0.0
0.0
0.0
0.0
0.0
0.0
0.0
0.0
0.0
0.0
0.0
0.0
0.0
0.0
0.0
0.0
0.0
0.0
0.0
0.0
0.0
0.0
0.0
0.0
0.0
0.0
0.0
0.0
0.0
0.0
0.0
0.0
0.0
0.0
0.0
0.0
0.0
0.0
0.0
0.0
0.0
0.0
0.0
0.0
0.0
0.0
0.0
0.0
0.0
0.0
0.0
0.0
0.0
0.0
0.0
0.0
0.0
0.0
0.0
0.0
0.0
0.0
0.0
0.0
0.0
0.0
0.0
0.0
0.0
0.0
0.0
0.0
0.0
0.0
0.0
0.0
0.0
0.0
0.0
0.0
0.0
0.0
0.0
0.0
0.0
0.0
0.0
0.0
0.0
0.0
0.0
0.0
0.0
0.0
0.0
0.0
0.0
0.0
0.0
0.0
0.0
0.0
0.0
0.0
0.0
0.0
0.0
0.0
0.0
0.0
0.0
0.0
0.0
0.0
0.0
0.0
0.0
0.0
0.0
0.0
0.0
0.0
0.0
0.0
0.0
0.0
0.0
0.0
0.0
0.0
0.0
0.0
0.0
0.0
0.0
0.0
0.0
0.0
0.0
0.0
0.0
0.0
0.0
0.0
0.0
0.0
0.0
0.0
0.0
0.0
0.0
0.0
0.0
0.0
0.0
0.0
0.0
0.0
0.0
0.0
0.0
0.0
0.0
0.0
0.0
0.0
0.0
0.0
0.0
0.0
0.0
0.0
0.0
0.0
0.0
0.0
0.0
0.0
0.0
0.0
0.0
0.0
0.0
0.0
0.0
0.0
0.0
0.0
0.0
0.0
0.0
0.0
0.0
0.0
0.0
0.0
0.0
0.0
0.0
0.0
0.0
0.0
0.0
0.0
0.0
0.0
0.0
0.0
0.0
0.0
0.0
0.0
0.0
0.0
0.0
0.0
0.0
0.0
0.0
0.0
0.0
0.0
0.0
0.0
0.0
0.0
0.0
0.0
0.0
0.0
0.0
0.0
0.0
0.0
0.0
0.0
0.0
0.0
0.0
0.0
0.0
0.0
0.0
0.0
0.0
0.0
0.0
0.0
0.0
0.0
0.0
0.0
0.0
0.0
0.0
0.0
0.0
0.0
0.0
0.0
0.0
0.0
0.0
0.0
0.0
0.0
0.0
0.0
0.0
0.0
0.0
0.0
0.0
0.0
0.0
0.0
0.0
0.0
0.0
0.0
0.0
0.0
0.0
0.0
0.0
0.0
0.0
0.0
0.0
0.0
0.0
0.0
0.0
0.0
0.0
0.0
0.0
0.0
0.0
0.0
0.0
0.0
0.0
0.0
0.0
0.0
0.0
0.0
0.0
0.0
0.0
0.0
0.0
0.0
0.0
0.0
0.0
0.0
0.0
0.0
0.0
0.0
0.0
0.0
0.0
0.0
0.0
0.0
0.0
0.0
0.0
0.0
0.0
0.0
0.0
0.0
0.0
0.0
0.0
0.0
0.0
0.0
0.0
0.0
0.0
0.0
0.0
0.0
0.0
0.0
0.0
0.0
0.0
0.0
0.0
0.0
0.0
0.0
0.0
0.0
0.0
0.0
0.0
0.0
0.0
0.0
0.0
0.0
0.0
0.0
0.0
0.0
0.0
0.0
0.0
0.0
0.0
0.0
0.0
0.0
0.0
0.0
0.0
0.0
0.0
0.0
0.0
0.0
0.0
0.0
0.0
0.0
0.0
0.0
0.0
0.0
0.0
0.0
0.0
0.0
0.0
0.0
0.0
0.0
0.0
0.0
0.0
0.0
0.0
0.0
0.0
0.0
0.0
0.0
0.0
0.0
0.0
0.0
0.0
0.0
0.0
0.0
0.0
0.0
0.0
0.0
0.0
0.0
0.0
0.0
0.0
0.0
0.0
0.0
0.0
0.0
0.0
0.0
0.0
0.0
0.0
0.0
0.0
0.0
0.0
0.0
0.0
0.0
0.0
0.0
0.0
0.0
0.0
0.0
0.0
0.0
0.0
0.0
0.0
0.0
0.0
0.0
0.0
0.0
0.0
0.0
0.0
0.0
0.0
0.0
0.0
0.0
0.0
0.0
0.0
0.0
0.0
0.0
0.0
0.0
0.0
0.0
0.0
0.0
0.0
0.0
0.0
0.0
0.0
0.0
0.0
0.0
0.0
0.0
0.0
0.0
0.0
0.0
0.0
0.0
0.0
0.0
0.0
0.0
0.0
0.0
0.0
0.0
0.0
0.0
0.0
0.0
0.0
0.0
0.0
0.0
0.0
0.0
0.0
0.0
0.0
0.0
0.0
0.0
0.0
0.0
0.0
0.0
0.0
0.0
0.0
0.0
0.0
0.0
0.0
0.0
0.0
0.0
0.0
0.0
0.0
0.0
0.0
0.0
0.0
0.0
0.0
0.0
0.0
0.0
0.0
0.0
0.0
0.0
0.0
0.0
0.0
0.0
0.0
0.0
0.0
0.0
0.0
0.0
0.0
0.0
0.0
0.0
0.0
0.0
0.0
0.0
0.0
0.0
0.0
0.0
0.0
0.0
0.0
0.0
0.0
0.0
0.0
0.0
0.0
0.0
0.0
0.0
0.0
0.0
0.0
0.0
0.0
